<?xml version="1.0" encoding="UTF-8"?>
<!-- Generated by org.testng.reporters.JUnitXMLReporter -->
<testsuite ignored="0" hostname="KYP0113" failures="0" tests="9" name="Test" time="27.594" errors="0" timestamp="2024-05-24T10:00:34 EDT">
  <testcase classname="api.test.DDTests" name="testGetAllUsers" time="4.353"/>
  <testcase classname="api.test.DDTests" name="testPostUser" time="2.918"/>
  <testcase classname="api.test.DDTests" name="testPostUser" time="2.418"/>
  <testcase classname="api.test.DDTests" name="testGetUserByFirstName" time="2.405"/>
  <testcase classname="api.test.DDTests" name="testGetUserByFirstName" time="2.403"/>
  <testcase classname="api.test.DDTests" name="testPutUser" time="2.403"/>
  <testcase classname="api.test.DDTests" name="testPutUser" time="2.411"/>
  <testcase classname="api.test.DDTests" name="testDeleteUserByFirstName" time="2.406"/>
  <testcase classname="api.test.DDTests" name="testDeleteUserByFirstName" time="2.677"/>
</testsuite> <!-- Test -->
