<?xml version="1.0" encoding="UTF-8"?>
<testng-results ignored="0" total="9" passed="9" failed="0" skipped="0">
  <reporter-output>
  </reporter-output>
  <suite started-at="2024-05-24T10:00:07 EDT" name="Suite" finished-at="2024-05-24T10:00:34 EDT" duration-ms="27594">
    <groups>
    </groups>
    <test started-at="2024-05-24T10:00:07 EDT" name="Test" finished-at="2024-05-24T10:00:34 EDT" duration-ms="27594">
      <class name="api.test.DDTests">
        <test-method signature="testGetAllUsers(java.lang.String,java.lang.String)[pri:1, instance:api.test.DDTests@1700915]" started-at="2024-05-24T10:00:08 EDT" name="testGetAllUsers" data-provider="LoginData" finished-at="2024-05-24T10:00:13 EDT" duration-ms="4353" status="PASS">
          <params>
            <param index="0">
              <value>
                <![CDATA[Numpy@gmail.com]]>
              </value>
            </param>
            <param index="1">
              <value>
                <![CDATA[api@123]]>
              </value>
            </param>
          </params>
          <reporter-output>
          </reporter-output>
        </test-method> <!-- testGetAllUsers -->
        <test-method signature="testPostUser(java.lang.String,java.lang.String,java.lang.String,java.lang.String,java.lang.String,java.lang.String,java.lang.String,java.lang.String,java.lang.String,java.lang.String,java.lang.String)[pri:2, instance:api.test.DDTests@1700915]" started-at="2024-05-24T10:00:14 EDT" name="testPostUser" data-provider="Data" finished-at="2024-05-24T10:00:17 EDT" duration-ms="2918" status="PASS">
          <params>
            <param index="0">
              <value>
                <![CDATA[Krishna]]>
              </value>
            </param>
            <param index="1">
              <value>
                <![CDATA[Pataki]]>
              </value>
            </param>
            <param index="2">
              <value>
                <![CDATA[6437095220]]>
              </value>
            </param>
            <param index="3">
              <value>
                <![CDATA[krish307@gmail.com]]>
              </value>
            </param>
            <param index="4">
              <value>
                <![CDATA[Y2-79]]>
              </value>
            </param>
            <param index="5">
              <value>
                <![CDATA[North]]>
              </value>
            </param>
            <param index="6">
              <value>
                <![CDATA[la]]>
              </value>
            </param>
            <param index="7">
              <value>
                <![CDATA[USA]]>
              </value>
            </param>
            <param index="8">
              <value>
                <![CDATA[45153]]>
              </value>
            </param>
            <param index="9">
              <value>
                <![CDATA[201]]>
              </value>
            </param>
            <param index="10">
              <value>
                <![CDATA[Created]]>
              </value>
            </param>
          </params>
          <reporter-output>
          </reporter-output>
        </test-method> <!-- testPostUser -->
        <test-method signature="testPostUser(java.lang.String,java.lang.String,java.lang.String,java.lang.String,java.lang.String,java.lang.String,java.lang.String,java.lang.String,java.lang.String,java.lang.String,java.lang.String)[pri:2, instance:api.test.DDTests@1700915]" started-at="2024-05-24T10:00:17 EDT" name="testPostUser" data-provider="Data" finished-at="2024-05-24T10:00:19 EDT" duration-ms="2418" status="PASS">
          <params>
            <param index="0">
              <value>
                <![CDATA[John]]>
              </value>
            </param>
            <param index="1">
              <value>
                <![CDATA[McAlen]]>
              </value>
            </param>
            <param index="2">
              <value>
                <![CDATA[3437095220]]>
              </value>
            </param>
            <param index="3">
              <value>
                <![CDATA[John123@gmail.com]]>
              </value>
            </param>
            <param index="4">
              <value>
                <![CDATA[A1-22]]>
              </value>
            </param>
            <param index="5">
              <value>
                <![CDATA[South]]>
              </value>
            </param>
            <param index="6">
              <value>
                <![CDATA[NYla]]>
              </value>
            </param>
            <param index="7">
              <value>
                <![CDATA[USA]]>
              </value>
            </param>
            <param index="8">
              <value>
                <![CDATA[23455]]>
              </value>
            </param>
            <param index="9">
              <value>
                <![CDATA[201]]>
              </value>
            </param>
            <param index="10">
              <value>
                <![CDATA[Created]]>
              </value>
            </param>
          </params>
          <reporter-output>
          </reporter-output>
        </test-method> <!-- testPostUser -->
        <test-method signature="testGetUserByFirstName(java.lang.String)[pri:3, instance:api.test.DDTests@1700915]" started-at="2024-05-24T10:00:19 EDT" name="testGetUserByFirstName" data-provider="UserNames" finished-at="2024-05-24T10:00:21 EDT" duration-ms="2405" status="PASS">
          <params>
            <param index="0">
              <value>
                <![CDATA[Krishna]]>
              </value>
            </param>
          </params>
          <reporter-output>
          </reporter-output>
        </test-method> <!-- testGetUserByFirstName -->
        <test-method signature="testGetUserByFirstName(java.lang.String)[pri:3, instance:api.test.DDTests@1700915]" started-at="2024-05-24T10:00:21 EDT" name="testGetUserByFirstName" data-provider="UserNames" finished-at="2024-05-24T10:00:24 EDT" duration-ms="2403" status="PASS">
          <params>
            <param index="0">
              <value>
                <![CDATA[John]]>
              </value>
            </param>
          </params>
          <reporter-output>
          </reporter-output>
        </test-method> <!-- testGetUserByFirstName -->
        <test-method signature="testPutUser(java.lang.String,java.lang.String,java.lang.String,java.lang.String,java.lang.String,java.lang.String,java.lang.String,java.lang.String,java.lang.String,java.lang.String,java.lang.String)[pri:4, instance:api.test.DDTests@1700915]" started-at="2024-05-24T10:00:25 EDT" name="testPutUser" data-provider="UpdateData" finished-at="2024-05-24T10:00:27 EDT" duration-ms="2403" status="PASS">
          <params>
            <param index="0">
              <value>
                <![CDATA[Krishna]]>
              </value>
            </param>
            <param index="1">
              <value>
                <![CDATA[Kumar]]>
              </value>
            </param>
            <param index="2">
              <value>
                <![CDATA[5897895001]]>
              </value>
            </param>
            <param index="3">
              <value>
                <![CDATA[rajesh87@gmail.com]]>
              </value>
            </param>
            <param index="4">
              <value>
                <![CDATA[9-R]]>
              </value>
            </param>
            <param index="5">
              <value>
                <![CDATA[West]]>
              </value>
            </param>
            <param index="6">
              <value>
                <![CDATA[Va]]>
              </value>
            </param>
            <param index="7">
              <value>
                <![CDATA[USA]]>
              </value>
            </param>
            <param index="8">
              <value>
                <![CDATA[34953]]>
              </value>
            </param>
            <param index="9">
              <value>
                <![CDATA[200]]>
              </value>
            </param>
            <param index="10">
              <value>
                <![CDATA[Created]]>
              </value>
            </param>
          </params>
          <reporter-output>
          </reporter-output>
        </test-method> <!-- testPutUser -->
        <test-method signature="testPutUser(java.lang.String,java.lang.String,java.lang.String,java.lang.String,java.lang.String,java.lang.String,java.lang.String,java.lang.String,java.lang.String,java.lang.String,java.lang.String)[pri:4, instance:api.test.DDTests@1700915]" started-at="2024-05-24T10:00:27 EDT" name="testPutUser" data-provider="UpdateData" finished-at="2024-05-24T10:00:29 EDT" duration-ms="2411" status="PASS">
          <params>
            <param index="0">
              <value>
                <![CDATA[John]]>
              </value>
            </param>
            <param index="1">
              <value>
                <![CDATA[McAlen]]>
              </value>
            </param>
            <param index="2">
              <value>
                <![CDATA[3437095289]]>
              </value>
            </param>
            <param index="3">
              <value>
                <![CDATA[John12322@gmail.com]]>
              </value>
            </param>
            <param index="4">
              <value>
                <![CDATA[A3-33]]>
              </value>
            </param>
            <param index="5">
              <value>
                <![CDATA[South]]>
              </value>
            </param>
            <param index="6">
              <value>
                <![CDATA[NY]]>
              </value>
            </param>
            <param index="7">
              <value>
                <![CDATA[USA]]>
              </value>
            </param>
            <param index="8">
              <value>
                <![CDATA[23455]]>
              </value>
            </param>
            <param index="9">
              <value>
                <![CDATA[200]]>
              </value>
            </param>
            <param index="10">
              <value>
                <![CDATA[Created]]>
              </value>
            </param>
          </params>
          <reporter-output>
          </reporter-output>
        </test-method> <!-- testPutUser -->
        <test-method signature="testDeleteUserByFirstName(java.lang.String)[pri:5, instance:api.test.DDTests@1700915]" started-at="2024-05-24T10:00:29 EDT" name="testDeleteUserByFirstName" data-provider="UserNames" finished-at="2024-05-24T10:00:32 EDT" duration-ms="2406" status="PASS">
          <params>
            <param index="0">
              <value>
                <![CDATA[Krishna]]>
              </value>
            </param>
          </params>
          <reporter-output>
          </reporter-output>
        </test-method> <!-- testDeleteUserByFirstName -->
        <test-method signature="testDeleteUserByFirstName(java.lang.String)[pri:5, instance:api.test.DDTests@1700915]" started-at="2024-05-24T10:00:32 EDT" name="testDeleteUserByFirstName" data-provider="UserNames" finished-at="2024-05-24T10:00:34 EDT" duration-ms="2677" status="PASS">
          <params>
            <param index="0">
              <value>
                <![CDATA[John]]>
              </value>
            </param>
          </params>
          <reporter-output>
          </reporter-output>
        </test-method> <!-- testDeleteUserByFirstName -->
      </class> <!-- api.test.DDTests -->
    </test> <!-- Test -->
  </suite> <!-- Suite -->
</testng-results>
